#
# A fatal error has been detected by the Java Runtime Environment:
#
#  EXCEPTION_ACCESS_VIOLATION (0xc0000005) at pc=0x00007ff849881269, pid=4568, tid=4596
#
# JRE version: Java(TM) SE Runtime Environment (8.0_73-b02) (build 1.8.0_73-b02)
# Java VM: Java HotSpot(TM) 64-Bit Server VM (25.73-b02 mixed mode windows-amd64 compressed oops)
# Problematic frame:
# C  [Flash.ocx+0x3d1269]
#
# Failed to write core dump. Minidumps are not enabled by default on client versions of Windows
#
# If you would like to submit a bug report, please visit:
#   http://bugreport.java.com/bugreport/crash.jsp
# The crash happened outside the Java Virtual Machine in native code.
# See problematic frame for where to report the bug.
#

---------------  T H R E A D  ---------------

Current thread (0x000000000221d800):  JavaThread "main" [_thread_in_native, id=4596, stack(0x00000000020e0000,0x00000000021e0000)]

siginfo: ExceptionCode=0xc0000005, writing address 0x0000026600bc55d0

Registers:
RAX=0x0000000000000000, RBX=0x0000000000000001, RCX=0x00007ff87e632134, RDX=0x0000000000000000
RSP=0x00000000021def30, RBP=0x00000000021defb0, RSI=0x0000026600bc4000, RDI=0x000000001a2fcd40
R8 =0x00000000021deee8, R9 =0x0000000000000401, R10=0x0000000000000000, R11=0x0000000000000246
R12=0x0000000000000001, R13=0x0000000000000000, R14=0x000000001a2fcda8, R15=0x0000000000000000
RIP=0x00007ff849881269, EFLAGS=0x0000000000010246

Top of Stack: (sp=0x00000000021def30)
0x00000000021def30:   0000000000000001 00000000021defb0
0x00000000021def40:   0000026600bc4000 000000001a2fcd40
0x00000000021def50:   0000000000000000 00000000141f3fc0
0x00000000021def60:   0000000031c61810 00007ff849f6dd22
0x00000000021def70:   0000000031c61810 0000026600bc7000
0x00000000021def80:   00000000021df1a0 00007ff87e96c100
0x00000000021def90:   000000001a2fcda8 00007ff8498a39a6
0x00000000021defa0:   00000000021df038 00001eea86505e1c
0x00000000021defb0:   0000000000000001 000000001a2fcda8
0x00000000021defc0:   00000000021df0d0 00007ff849894814
0x00000000021defd0:   0000026600bc4720 0000000031c61810
0x00000000021defe0:   0000026600bc4720 000000001a2fcd40
0x00000000021deff0:   00000000021df1f0 00000420371c50a0
0x00000000021df000:   0000026600000000 0000042000000401
0x00000000021df010:   000000001a2fcd40 00000000021df1f0
0x00000000021df020:   0000026600bc4720 0000000000000001 

Instructions: (pc=0x00007ff849881269)
0x00007ff849881249:   41 b8 01 04 00 00 44 89 7c 24 20 45 8b c8 48 8d
0x00007ff849881259:   4d c8 48 8b d0 ff 15 94 dd ea 00 85 c0 0f 95 c0
0x00007ff849881269:   88 86 d0 15 00 00 33 c0 48 8b 4d f8 48 33 cc e8
0x00007ff849881279:   73 87 79 00 4c 8d 9c 24 80 00 00 00 49 8b 5b 28 


Register to memory mapping:

RAX=0x0000000000000000 is an unknown value
RBX=0x0000000000000001 is an unknown value
RCX=0x00007ff87e632134 is an unknown value
RDX=0x0000000000000000 is an unknown value
RSP=0x00000000021def30 is pointing into the stack for thread: 0x000000000221d800
RBP=0x00000000021defb0 is pointing into the stack for thread: 0x000000000221d800
RSI=0x0000026600bc4000 is an unknown value
RDI=0x000000001a2fcd40 is an unknown value
R8 =0x00000000021deee8 is pointing into the stack for thread: 0x000000000221d800
R9 =0x0000000000000401 is an unknown value
R10=0x0000000000000000 is an unknown value
R11=0x0000000000000246 is an unknown value
R12=0x0000000000000001 is an unknown value
R13=0x0000000000000000 is an unknown value
R14=0x000000001a2fcda8 is an unknown value
R15=0x0000000000000000 is an unknown value


Stack: [0x00000000020e0000,0x00000000021e0000],  sp=0x00000000021def30,  free space=1019k
Native frames: (J=compiled Java code, j=interpreted, Vv=VM code, C=native code)
C  [Flash.ocx+0x3d1269]
C  [Flash.ocx+0x3e4814]
C  [Flash.ocx+0x3a0903]
C  [Flash.ocx+0x3a390d]
C  [USER32.dll+0x11169]
C  [USER32.dll+0x10c97]
C  [swt-win32-4527.dll+0x1e26e]
C  0x0000000002606b4c

Java frames: (J=compiled Java code, j=interpreted, Vv=VM code)
J 659  org.eclipse.swt.internal.win32.OS.DispatchMessageW(Lorg/eclipse/swt/internal/win32/MSG;)J (0 bytes) @ 0x0000000002606ad2 [0x0000000002606a80+0x52]
J 650 C1 org.eclipse.swt.widgets.Display.readAndDispatch()Z (103 bytes) @ 0x00000000025f9274 [0x00000000025f8ee0+0x394]
j  chrriis.dj.nativeswing.swtimpl.core.SWTNativeInterface$OutProcess.runNativeSide([Ljava/lang/String;)V+537
j  chrriis.dj.nativeswing.swtimpl.core.SWTNativeInterface.main_([Ljava/lang/String;)V+1
j  chrriis.dj.nativeswing.swtimpl.NativeInterface.main([Ljava/lang/String;)V+7
v  ~StubRoutines::call_stub

---------------  P R O C E S S  ---------------

Java Threads: ( => current thread )
  0x0000000014551000 JavaThread "NativeSwing[1] Non-UI Message [45] Executor" daemon [_thread_blocked, id=10848, stack(0x0000000039240000,0x0000000039340000)]
  0x0000000016d70000 JavaThread "Registry cleanup thread-0" daemon [_thread_blocked, id=5204, stack(0x00000000189f0000,0x0000000018af0000)]
  0x0000000015fa0800 JavaThread "NativeSwing[1] SWT Receiver" daemon [_thread_in_native, id=10684, stack(0x0000000016a90000,0x0000000016b90000)]
  0x0000000015e65800 JavaThread "Service Thread" daemon [_thread_blocked, id=6316, stack(0x0000000016250000,0x0000000016350000)]
  0x0000000014517000 JavaThread "C1 CompilerThread2" daemon [_thread_blocked, id=728, stack(0x0000000015d50000,0x0000000015e50000)]
  0x0000000014510000 JavaThread "C2 CompilerThread1" daemon [_thread_blocked, id=2536, stack(0x0000000015c50000,0x0000000015d50000)]
  0x000000001450e000 JavaThread "C2 CompilerThread0" daemon [_thread_blocked, id=7776, stack(0x0000000015b50000,0x0000000015c50000)]
  0x000000001450b800 JavaThread "Attach Listener" daemon [_thread_blocked, id=7160, stack(0x0000000015a50000,0x0000000015b50000)]
  0x000000001450b000 JavaThread "Signal Dispatcher" daemon [_thread_blocked, id=2640, stack(0x0000000015950000,0x0000000015a50000)]
  0x0000000002347000 JavaThread "Finalizer" daemon [_thread_blocked, id=11076, stack(0x0000000015770000,0x0000000015870000)]
  0x000000000233e000 JavaThread "Reference Handler" daemon [_thread_blocked, id=7904, stack(0x0000000015670000,0x0000000015770000)]
=>0x000000000221d800 JavaThread "main" [_thread_in_native, id=4596, stack(0x00000000020e0000,0x00000000021e0000)]

Other Threads:
  0x00000000144d8000 VMThread [stack: 0x0000000015570000,0x0000000015670000] [id=9388]
  0x0000000015e71800 WatcherThread [stack: 0x0000000016350000,0x0000000016450000] [id=8128]

VM state:not at safepoint (normal execution)

VM Mutex/Monitor currently owned by a thread: None

Heap:
 PSYoungGen      total 16896K, used 13937K [0x00000000ed900000, 0x00000000eeb80000, 0x0000000100000000)
  eden space 14848K, 80% used [0x00000000ed900000,0x00000000ee49f4d0,0x00000000ee780000)
  from space 2048K, 99% used [0x00000000ee780000,0x00000000ee97cfc0,0x00000000ee980000)
  to   space 2048K, 0% used [0x00000000ee980000,0x00000000ee980000,0x00000000eeb80000)
 ParOldGen       total 38400K, used 782K [0x00000000c8a00000, 0x00000000caf80000, 0x00000000ed900000)
  object space 38400K, 2% used [0x00000000c8a00000,0x00000000c8ac3a88,0x00000000caf80000)
 Metaspace       used 8330K, capacity 8530K, committed 8704K, reserved 1056768K
  class space    used 932K, capacity 1009K, committed 1024K, reserved 1048576K

Card table byte_map: [0x0000000011710000,0x00000000118d0000] byte_map_base: 0x00000000110cb000

Marking Bits: (ParMarkBitMap*) 0x0000000061880600
 Begin Bits: [0x0000000011e00000, 0x0000000012bd8000)
 End Bits:   [0x0000000012bd8000, 0x00000000139b0000)

Polling page: 0x0000000000910000

CodeCache: size=245760Kb used=2909Kb max_used=2909Kb free=242850Kb
 bounds [0x0000000002350000, 0x0000000002630000, 0x0000000011350000]
 total_blobs=1230 nmethods=703 adapters=441
 compilation: enabled

Compilation events (10 events):
Event: 20.697 Thread 0x0000000014517000  699       3       java.util.jar.JarFile::getManifestFromReference (113 bytes)
Event: 20.699 Thread 0x0000000014510000  700       4       sun.reflect.ClassFileAssembler::emitShort (24 bytes)
Event: 20.702 Thread 0x0000000014517000 nmethod 699 0x0000000002621e10 code [0x0000000002622140, 0x0000000002623798]
Event: 20.707 Thread 0x0000000014510000 nmethod 700 0x0000000002627c50 code [0x0000000002627dc0, 0x0000000002628018]
Event: 21.788 Thread 0x0000000014517000  701       1       chrriis.common.ObjectRegistry::access$1 (5 bytes)
Event: 21.788 Thread 0x0000000014517000 nmethod 701 0x0000000002621b50 code [0x0000000002621ca0, 0x0000000002621d90]
Event: 22.062 Thread 0x0000000014517000  703       3       org.eclipse.swt.ole.win32.OleControlSite::removeEventListener (296 bytes)
Event: 22.066 Thread 0x0000000014517000 nmethod 703 0x0000000002625590 code [0x0000000002625860, 0x0000000002626f98]
Event: 22.066 Thread 0x0000000014517000  702       3       org.eclipse.swt.ole.win32.OleControlSite::removeEventListener (34 bytes)
Event: 22.067 Thread 0x0000000014517000 nmethod 702 0x0000000002628350 code [0x0000000002628500, 0x0000000002628b88]

GC Heap History (2 events):
Event: 5.480 GC heap before
{Heap before GC invocations=1 (full 0):
 PSYoungGen      total 16896K, used 14848K [0x00000000ed900000, 0x00000000eeb80000, 0x0000000100000000)
  eden space 14848K, 100% used [0x00000000ed900000,0x00000000ee780000,0x00000000ee780000)
  from space 2048K, 0% used [0x00000000ee980000,0x00000000ee980000,0x00000000eeb80000)
  to   space 2048K, 0% used [0x00000000ee780000,0x00000000ee780000,0x00000000ee980000)
 ParOldGen       total 38400K, used 0K [0x00000000c8a00000, 0x00000000caf80000, 0x00000000ed900000)
  object space 38400K, 0% used [0x00000000c8a00000,0x00000000c8a00000,0x00000000caf80000)
 Metaspace       used 8070K, capacity 8224K, committed 8448K, reserved 1056768K
  class space    used 925K, capacity 974K, committed 1024K, reserved 1048576K
Event: 5.488 GC heap after
Heap after GC invocations=1 (full 0):
 PSYoungGen      total 16896K, used 2035K [0x00000000ed900000, 0x00000000eeb80000, 0x0000000100000000)
  eden space 14848K, 0% used [0x00000000ed900000,0x00000000ed900000,0x00000000ee780000)
  from space 2048K, 99% used [0x00000000ee780000,0x00000000ee97cfc0,0x00000000ee980000)
  to   space 2048K, 0% used [0x00000000ee980000,0x00000000ee980000,0x00000000eeb80000)
 ParOldGen       total 38400K, used 782K [0x00000000c8a00000, 0x00000000caf80000, 0x00000000ed900000)
  object space 38400K, 2% used [0x00000000c8a00000,0x00000000c8ac3a88,0x00000000caf80000)
 Metaspace       used 8070K, capacity 8224K, committed 8448K, reserved 1056768K
  class space    used 925K, capacity 974K, committed 1024K, reserved 1048576K
}

Deoptimization events (2 events):
Event: 3.069 Thread 0x000000000221d800 Uncommon trap: reason=unstable_if action=reinterpret pc=0x000000000255c7a8 method=sun.misc.MetaIndex.mayContain(Ljava/lang/String;)Z @ 38
Event: 3.177 Thread 0x000000000221d800 Uncommon trap: reason=unstable_if action=reinterpret pc=0x00000000025332f0 method=java.lang.String.indexOf([CII[CIII)I @ 134

Internal exceptions (10 events):
Event: 3.579 Thread 0x000000000221d800 Exception <a 'java/lang/ClassNotFoundException': sun/net/www/protocol/about/Handler> (0x00000000ee5501c0) thrown at [D:\re\puppet\workspace\8-2-build-windows-amd64-cygwin\jdk8u73\6086\hotspot\src\share\vm\classfile\systemDictionary.cpp, line 210]
Event: 3.681 Thread 0x000000000221d800 Exception <a 'java/lang/NoSuchMethodError': <clinit>> (0x00000000ee5fae28) thrown at [D:\re\puppet\workspace\8-2-build-windows-amd64-cygwin\jdk8u73\6086\hotspot\src\share\vm\prims\jni.cpp, line 1591]
Event: 3.858 Thread 0x000000000221d800 Exception <a 'java/lang/NoSuchMethodError': <clinit>> (0x00000000ee6bd4e8) thrown at [D:\re\puppet\workspace\8-2-build-windows-amd64-cygwin\jdk8u73\6086\hotspot\src\share\vm\prims\jni.cpp, line 1591]
Event: 5.665 Thread 0x000000000221d800 Exception <a 'java/lang/NoSuchMethodError': <clinit>> (0x00000000ed97fce0) thrown at [D:\re\puppet\workspace\8-2-build-windows-amd64-cygwin\jdk8u73\6086\hotspot\src\share\vm\prims\jni.cpp, line 1591]
Event: 7.402 Thread 0x000000000221d800 Exception <a 'java/lang/ClassNotFoundException': sun/net/www/protocol/about/Handler> (0x00000000edaace58) thrown at [D:\re\puppet\workspace\8-2-build-windows-amd64-cygwin\jdk8u73\6086\hotspot\src\share\vm\classfile\systemDictionary.cpp, line 210]
Event: 7.718 Thread 0x000000000221d800 Exception <a 'java/lang/ClassNotFoundException': sun/net/www/protocol/about/Handler> (0x00000000edc30bb8) thrown at [D:\re\puppet\workspace\8-2-build-windows-amd64-cygwin\jdk8u73\6086\hotspot\src\share\vm\classfile\systemDictionary.cpp, line 210]
Event: 11.418 Thread 0x000000000221d800 Exception <a 'java/lang/ClassNotFoundException': sun/net/www/protocol/about/Handler> (0x00000000edf91688) thrown at [D:\re\puppet\workspace\8-2-build-windows-amd64-cygwin\jdk8u73\6086\hotspot\src\share\vm\classfile\systemDictionary.cpp, line 210]
Event: 11.754 Thread 0x0000000015fa0800 Exception <a 'java/lang/NoSuchMethodError': <clinit>> (0x00000000edaea958) thrown at [D:\re\puppet\workspace\8-2-build-windows-amd64-cygwin\jdk8u73\6086\hotspot\src\share\vm\prims\jni.cpp, line 1591]
Event: 12.073 Thread 0x000000000221d800 Exception <a 'java/lang/ClassNotFoundException': sun/net/www/protocol/about/Handler> (0x00000000ee143b48) thrown at [D:\re\puppet\workspace\8-2-build-windows-amd64-cygwin\jdk8u73\6086\hotspot\src\share\vm\classfile\systemDictionary.cpp, line 210]
Event: 20.699 Thread 0x0000000015fa0800 Exception <a 'java/lang/NoSuchMethodError': <clinit>> (0x00000000edaf73f8) thrown at [D:\re\puppet\workspace\8-2-build-windows-amd64-cygwin\jdk8u73\6086\hotspot\src\share\vm\prims\jni.cpp, line 1591]

Events (10 events):
Event: 12.222 loading class chrriis/dj/nativeswing/swtimpl/core/MessagingInterface$1 done
Event: 12.289 Executing VM operation: BulkRevokeBias
Event: 12.289 Executing VM operation: BulkRevokeBias done
Event: 20.696 loading class chrriis/dj/nativeswing/swtimpl/core/SWTNativeInterface$OutProcess$CMN_destroyControls
Event: 20.696 loading class chrriis/dj/nativeswing/swtimpl/core/SWTNativeInterface$OutProcess$CMN_destroyControls done
Event: 20.700 Thread 0x0000000014551000 Thread added: 0x0000000014551000
Event: 20.710 loading class chrriis/dj/nativeswing/swtimpl/core/SWTNativeInterface$OutProcess$CMN_destroyControls$1
Event: 20.711 loading class chrriis/dj/nativeswing/swtimpl/core/SWTNativeInterface$OutProcess$CMN_destroyControls$1 done
Event: 20.748 loading class org/eclipse/swt/events/DisposeEvent
Event: 20.748 loading class org/eclipse/swt/events/DisposeEvent done


Dynamic libraries:
0x00007ff6aef00000 - 0x00007ff6aef37000 	C:\Program Files\Java\jre1.8.0_73\bin\java.exe
0x00007ff87f400000 - 0x00007ff87f5c1000 	C:\WINDOWS\SYSTEM32\ntdll.dll
0x00007ff87ee60000 - 0x00007ff87ef0d000 	C:\WINDOWS\system32\KERNEL32.DLL
0x00007ff87bb10000 - 0x00007ff87bcf8000 	C:\WINDOWS\system32\KERNELBASE.dll
0x00007ff87e870000 - 0x00007ff87e917000 	C:\WINDOWS\system32\ADVAPI32.dll
0x00007ff87e760000 - 0x00007ff87e7fd000 	C:\WINDOWS\system32\msvcrt.dll
0x00007ff87e5a0000 - 0x00007ff87e5fb000 	C:\WINDOWS\system32\sechost.dll
0x00007ff87f230000 - 0x00007ff87f34c000 	C:\WINDOWS\system32\RPCRT4.dll
0x00007ff87e600000 - 0x00007ff87e756000 	C:\WINDOWS\system32\USER32.dll
0x00007ff87ef20000 - 0x00007ff87f0a6000 	C:\WINDOWS\system32\GDI32.dll
0x00007ff876c20000 - 0x00007ff876e94000 	C:\WINDOWS\WinSxS\amd64_microsoft.windows.common-controls_6595b64144ccf1df_6.0.10586.0_none_8c15ae12515e1c22\COMCTL32.dll
0x00007ff87e920000 - 0x00007ff87eb9d000 	C:\WINDOWS\system32\combase.dll
0x00007ff87bdb0000 - 0x00007ff87be1a000 	C:\WINDOWS\system32\bcryptPrimitives.dll
0x00007ff87eba0000 - 0x00007ff87ebdb000 	C:\WINDOWS\system32\IMM32.DLL
0x0000000062a60000 - 0x0000000062b32000 	C:\Program Files\Java\jre1.8.0_73\bin\msvcr100.dll
0x0000000061070000 - 0x0000000061900000 	C:\Program Files\Java\jre1.8.0_73\bin\server\jvm.dll
0x00007ff87e800000 - 0x00007ff87e808000 	C:\WINDOWS\system32\PSAPI.DLL
0x00007ff87a120000 - 0x00007ff87a143000 	C:\WINDOWS\SYSTEM32\WINMM.dll
0x00007ff875610000 - 0x00007ff87561a000 	C:\WINDOWS\SYSTEM32\VERSION.dll
0x00007ff87a180000 - 0x00007ff87a189000 	C:\WINDOWS\SYSTEM32\WSOCK32.dll
0x00007ff87a0f0000 - 0x00007ff87a11c000 	C:\WINDOWS\SYSTEM32\WINMMBASE.dll
0x00007ff87c7b0000 - 0x00007ff87c7f3000 	C:\WINDOWS\system32\cfgmgr32.dll
0x00007ff87cb30000 - 0x00007ff87cb9b000 	C:\WINDOWS\system32\WS2_32.dll
0x00000000630d0000 - 0x00000000630df000 	C:\Program Files\Java\jre1.8.0_73\bin\verify.dll
0x0000000062dd0000 - 0x0000000062df9000 	C:\Program Files\Java\jre1.8.0_73\bin\java.dll
0x0000000062bb0000 - 0x0000000062bc6000 	C:\Program Files\Java\jre1.8.0_73\bin\zip.dll
0x00007ff87d040000 - 0x00007ff87e59c000 	C:\WINDOWS\system32\SHELL32.dll
0x00007ff87bff0000 - 0x00007ff87c634000 	C:\WINDOWS\system32\windows.storage.dll
0x00007ff87ee00000 - 0x00007ff87ee52000 	C:\WINDOWS\system32\shlwapi.dll
0x00007ff87ba20000 - 0x00007ff87ba2f000 	C:\WINDOWS\system32\kernel.appcore.dll
0x00007ff87c6d0000 - 0x00007ff87c785000 	C:\WINDOWS\system32\shcore.dll
0x00007ff87ba60000 - 0x00007ff87baab000 	C:\WINDOWS\system32\powrprof.dll
0x00007ff87ba30000 - 0x00007ff87ba44000 	C:\WINDOWS\system32\profapi.dll
0x0000000062b90000 - 0x0000000062baa000 	C:\Program Files\Java\jre1.8.0_73\bin\net.dll
0x00007ff87b2f0000 - 0x00007ff87b34c000 	C:\WINDOWS\system32\mswsock.dll
0x0000000016550000 - 0x00000000165f8000 	C:\Users\AJ\.swt\lib\win32\x86_64\swt-win32-4527.dll
0x00007ff87ecb0000 - 0x00007ff87edf3000 	C:\WINDOWS\system32\ole32.dll
0x00007ff87ebe0000 - 0x00007ff87eca1000 	C:\WINDOWS\system32\OLEAUT32.dll
0x00007ff87f0b0000 - 0x00007ff87f1bb000 	C:\WINDOWS\system32\comdlg32.dll
0x00007ff87c640000 - 0x00007ff87c6c6000 	C:\WINDOWS\system32\FirewallAPI.dll
0x00007ff87c790000 - 0x00007ff87c7a7000 	C:\WINDOWS\system32\NETAPI32.dll
0x00007ff87be20000 - 0x00007ff87bfe8000 	C:\WINDOWS\system32\CRYPT32.dll
0x00007ff87ba50000 - 0x00007ff87ba60000 	C:\WINDOWS\system32\MSASN1.dll
0x00007ff876b00000 - 0x00007ff876b84000 	C:\WINDOWS\SYSTEM32\WINSPOOL.DRV
0x00007ff876ea0000 - 0x00007ff876eb8000 	C:\WINDOWS\SYSTEM32\USP10.dll
0x00007ff871cd0000 - 0x00007ff871f79000 	C:\WINDOWS\SYSTEM32\WININET.dll
0x00007ff8759b0000 - 0x00007ff8759bc000 	C:\WINDOWS\SYSTEM32\DAVHLPR.DLL
0x00007ff87b950000 - 0x00007ff87b979000 	C:\WINDOWS\SYSTEM32\bcrypt.dll
0x00007ff87a7d0000 - 0x00007ff87a802000 	C:\WINDOWS\SYSTEM32\fwbase.dll
0x00007ff87a480000 - 0x00007ff87a516000 	C:\WINDOWS\system32\uxtheme.dll
0x00007ff87c9d0000 - 0x00007ff87cb2a000 	C:\WINDOWS\system32\MSCTF.dll
0x00007ff879830000 - 0x00007ff879852000 	C:\WINDOWS\system32\dwmapi.dll
0x0000000061eb0000 - 0x0000000062048000 	C:\Program Files\Java\jre1.8.0_73\bin\awt.dll
0x00007ff87a210000 - 0x00007ff87a289000 	C:\WINDOWS\system32\apphelp.dll
0x00007ff87f350000 - 0x00007ff87f3f7000 	C:\WINDOWS\system32\clbcatq.dll
0x00007ff850720000 - 0x00007ff8513f0000 	C:\Windows\System32\ieframe.dll
0x00007ff8746a0000 - 0x00007ff874a23000 	C:\Windows\System32\iertutil.dll
0x00007ff87cba0000 - 0x00007ff87cc0f000 	C:\WINDOWS\system32\coml2.dll
0x00007ff874bb0000 - 0x00007ff874bfa000 	C:\WINDOWS\system32\dataexchange.dll
0x00007ff8765a0000 - 0x00007ff876848000 	C:\WINDOWS\system32\d3d11.dll
0x00007ff8779d0000 - 0x00007ff877ab3000 	C:\WINDOWS\system32\dcomp.dll
0x00007ff877dd0000 - 0x00007ff877e72000 	C:\WINDOWS\system32\dxgi.dll
0x00007ff87a520000 - 0x00007ff87a620000 	C:\WINDOWS\system32\twinapi.appcore.dll
0x00007ff8722e0000 - 0x00007ff872497000 	C:\WINDOWS\SYSTEM32\urlmon.dll
0x00007ff87b850000 - 0x00007ff87b8e9000 	C:\WINDOWS\SYSTEM32\sxs.dll
0x00007ff84ef90000 - 0x00007ff85071e000 	C:\Windows\System32\mshtml.dll
0x00007ff87b6a0000 - 0x00007ff87b6cd000 	C:\WINDOWS\SYSTEM32\SspiCli.dll
0x00007ff86f6e0000 - 0x00007ff86f701000 	C:\WINDOWS\SYSTEM32\srpapi.dll
0x00007ff865af0000 - 0x00007ff865ca2000 	C:\WINDOWS\SYSTEM32\ieapfltr.dll
0x00007ff87b3a0000 - 0x00007ff87b3b7000 	C:\WINDOWS\SYSTEM32\CRYPTSP.dll
0x00007ff84ead0000 - 0x00007ff84ef84000 	C:\WINDOWS\system32\jscript9.dll
0x00007ff86a100000 - 0x00007ff86a150000 	C:\WINDOWS\SYSTEM32\edputil.dll
0x00007ff86fa30000 - 0x00007ff86fa45000 	C:\WINDOWS\SYSTEM32\ondemandconnroutehelper.dll
0x00007ff878890000 - 0x00007ff8788c8000 	C:\WINDOWS\SYSTEM32\IPHLPAPI.DLL
0x00007ff8787b0000 - 0x00007ff878878000 	C:\WINDOWS\SYSTEM32\winhttp.dll
0x00007ff876f20000 - 0x00007ff876f2b000 	C:\WINDOWS\SYSTEM32\WINNSI.DLL
0x00007ff87f1c0000 - 0x00007ff87f1c8000 	C:\WINDOWS\system32\NSI.dll
0x00007ff872b80000 - 0x00007ff872b90000 	C:\WINDOWS\system32\msimtf.dll
0x00007ff878880000 - 0x00007ff87888c000 	C:\WINDOWS\SYSTEM32\Secur32.dll
0x00007ff871b60000 - 0x00007ff871b9e000 	C:\WINDOWS\SYSTEM32\MLANG.dll
0x00007ff878de0000 - 0x00007ff878f66000 	C:\WINDOWS\SYSTEM32\PROPSYS.dll
0x00007ff87a3a0000 - 0x00007ff87a44a000 	C:\WINDOWS\SYSTEM32\DNSAPI.dll
0x0000000063d60000 - 0x0000000063d86000 	C:\Program Files\Bonjour\mdnsNSP.dll
0x00007ff875620000 - 0x00007ff875687000 	C:\WINDOWS\System32\fwpuclnt.dll
0x00007ff871650000 - 0x00007ff87165a000 	C:\Windows\System32\rasadhlp.dll
0x00007ff875d20000 - 0x00007ff876265000 	C:\WINDOWS\SYSTEM32\d2d1.dll
0x00007ff8742b0000 - 0x00007ff874510000 	C:\WINDOWS\SYSTEM32\DWrite.dll
0x00007ff87af70000 - 0x00007ff87afea000 	C:\WINDOWS\system32\schannel.DLL
0x00007ff860d30000 - 0x00007ff860f9f000 	C:\WINDOWS\SYSTEM32\d3d10warp.dll
0x00007ff86b770000 - 0x00007ff86b784000 	C:\WINDOWS\SYSTEM32\mskeyprotect.dll
0x00007ff87b590000 - 0x00007ff87b5b7000 	C:\WINDOWS\SYSTEM32\ncrypt.dll
0x00007ff87b550000 - 0x00007ff87b58a000 	C:\WINDOWS\SYSTEM32\NTASN1.dll
0x00007ff87b070000 - 0x00007ff87b07a000 	C:\WINDOWS\SYSTEM32\DPAPI.DLL
0x00007ff87bab0000 - 0x00007ff87bb05000 	C:\WINDOWS\system32\WINTRUST.dll
0x00007ff87b030000 - 0x00007ff87b064000 	C:\WINDOWS\system32\rsaenh.dll
0x00007ff87b4c0000 - 0x00007ff87b4cb000 	C:\WINDOWS\SYSTEM32\CRYPTBASE.dll
0x00007ff8711b0000 - 0x00007ff8711df000 	C:\Windows\System32\cryptnet.dll
0x00007ff86b7e0000 - 0x00007ff86b7fe000 	C:\WINDOWS\system32\ncryptsslp.dll
0x00007ff873aa0000 - 0x00007ff873ad6000 	C:\WINDOWS\SYSTEM32\XmlLite.dll
0x00007ff86afe0000 - 0x00007ff86b21f000 	C:\WINDOWS\System32\msxml3.dll
0x00007ff8713a0000 - 0x00007ff8714ad000 	C:\WINDOWS\SYSTEM32\MFPlat.dll
0x00007ff8711f0000 - 0x00007ff87121b000 	C:\WINDOWS\SYSTEM32\RTWorkQ.DLL
0x00007ff851d00000 - 0x00007ff851f7b000 	C:\Windows\System32\MFMediaEngine.dll
0x00007ff872a70000 - 0x00007ff872b02000 	C:\Windows\System32\msvcp110_win.dll
0x00007ff86b360000 - 0x00007ff86b3bd000 	C:\Windows\System32\Windows.Media.MediaControl.dll
0x00007ff8783a0000 - 0x00007ff878410000 	C:\WINDOWS\System32\MMDevApi.dll
0x00007ff87a450000 - 0x00007ff87a477000 	C:\WINDOWS\System32\DEVOBJ.dll
0x00007ff877520000 - 0x00007ff877656000 	C:\Windows\System32\WinTypes.dll
0x00007ff8763e0000 - 0x00007ff876591000 	C:\WINDOWS\system32\windowscodecs.dll
0x00007ff8777f0000 - 0x00007ff87783b000 	C:\WINDOWS\System32\UIAnimation.dll
0x00007ff8494b0000 - 0x00007ff84b059000 	C:\Windows\System32\Macromed\Flash\Flash.ocx
0x00007ff864230000 - 0x00007ff8642cc000 	C:\WINDOWS\SYSTEM32\DSOUND.dll
0x00007ff876ff0000 - 0x00007ff876ff7000 	C:\WINDOWS\SYSTEM32\MSIMG32.dll
0x00007ff874e10000 - 0x00007ff874ea1000 	C:\WINDOWS\SYSTEM32\mscms.dll
0x00007ff861d10000 - 0x00007ff861e6c000 	C:\WINDOWS\SYSTEM32\UIAutomationCore.DLL
0x00007ff87b180000 - 0x00007ff87b19f000 	C:\WINDOWS\SYSTEM32\USERENV.dll
0x00007ff875080000 - 0x00007ff8750c1000 	C:\WINDOWS\SYSTEM32\dinput8.dll
0x00007ff872e50000 - 0x00007ff872e60000 	C:\WINDOWS\SYSTEM32\atlthunk.dll
0x00007ff8750f0000 - 0x00007ff87513a000 	C:\WINDOWS\system32\windowscodecsext.dll
0x00007ff877280000 - 0x00007ff8772c2000 	C:\WINDOWS\SYSTEM32\icm32.dll
0x00007ff876b90000 - 0x00007ff876c18000 	C:\WINDOWS\SYSTEM32\AUDIOSES.DLL
0x00007ff8552e0000 - 0x00007ff8554f0000 	C:\WINDOWS\SYSTEM32\d3d9.dll
0x00007ff873640000 - 0x00007ff873663000 	C:\WINDOWS\SYSTEM32\dxva2.dll
0x00007ff865410000 - 0x00007ff86559c000 	C:\WINDOWS\SYSTEM32\dbghelp.dll

VM Arguments:
jvm_args: -Djava.library.path=C:\Program Files\Java\jre1.8.0_73\bin;C:\WINDOWS\Sun\Java\bin;C:\WINDOWS\system32;C:\WINDOWS;C:/Program Files/Java/jre1.8.0_73/bin/server;C:/Program Files/Java/jre1.8.0_73/bin;C:/Program Files/Java/jre1.8.0_73/lib/amd64;C:\ProgramData\Oracle\Java\javapath;C:\WINDOWS\system32;C:\WINDOWS;C:\WINDOWS\System32\Wbem;C:\WINDOWS\System32\WindowsPowerShell\v1.0\;c:\Program Files (x86)\ATI Technologies\ATI.ACE\Core-Static;C:\Program Files (x86)\Skype\Phone\;C:\WINDOWS\system32\config\systemprofile\.dnx\bin;C:\Program Files\Microsoft DNX\Dnvm\;C:\ProgramData\Oracle\Java\javapath;C:\Windows\system32;C:\Windows;C:\Windows\System32\Wbem;C:\Windows\System32\WindowsPowerShell\v1.0\;c:\Program Files (x86)\ATI Technologies\ATI.ACE\Core-Static;C:\Program Files (x86)\Skype\Phone\;C:\Users\AJ\AppData\Local\atom\bin;installdir\bin;C:\WINDOWS\system32;;. -Dnativeswing.localhostAddress=127.0.0.1 
java_command: chrriis.dj.nativeswing.swtimpl.NativeInterface 1 64415
java_class_path (initial): C:\Users\AJ\Downloads\DJNativeSwing-SWT-1-0-2\DJNativeSwing.jar;C:\Users\AJ\Downloads\DJNativeSwing-SWT-1-0-2\DJNativeSwing-SWT.jar;C:\Users\AJ\Downloads\swt-4.5-win32-win32-x86_64\swt.jar
Launcher Type: SUN_STANDARD

Environment Variables:
PATH=C:/Program Files/Java/jre1.8.0_73/bin/server;C:/Program Files/Java/jre1.8.0_73/bin;C:/Program Files/Java/jre1.8.0_73/lib/amd64;C:\ProgramData\Oracle\Java\javapath;C:\WINDOWS\system32;C:\WINDOWS;C:\WINDOWS\System32\Wbem;C:\WINDOWS\System32\WindowsPowerShell\v1.0\;c:\Program Files (x86)\ATI Technologies\ATI.ACE\Core-Static;C:\Program Files (x86)\Skype\Phone\;C:\WINDOWS\system32\config\systemprofile\.dnx\bin;C:\Program Files\Microsoft DNX\Dnvm\;C:\ProgramData\Oracle\Java\javapath;C:\Windows\system32;C:\Windows;C:\Windows\System32\Wbem;C:\Windows\System32\WindowsPowerShell\v1.0\;c:\Program Files (x86)\ATI Technologies\ATI.ACE\Core-Static;C:\Program Files (x86)\Skype\Phone\;C:\Users\AJ\AppData\Local\atom\bin;installdir\bin;C:\WINDOWS\system32;
USERNAME=AJ
OS=Windows_NT
PROCESSOR_IDENTIFIER=AMD64 Family 22 Model 0 Stepping 1, AuthenticAMD



---------------  S Y S T E M  ---------------

OS: Windows 10.0 , 64 bit Build 10586 (10.0.10586.0)

CPU:total 4 (4 cores per cpu, 1 threads per core) family 22 model 0 stepping 1, cmov, cx8, fxsr, mmx, sse, sse2, sse3, ssse3, sse4.1, sse4.2, popcnt, avx, aes, clmul, mmxext, 3dnowpref, lzcnt, sse4a, tsc, tscinvbit, tscinv, bmi1

Memory: 4k page, physical 3621900k(539440k free), swap 5376272k(1119560k free)

vm_info: Java HotSpot(TM) 64-Bit Server VM (25.73-b02) for windows-amd64 JRE (1.8.0_73-b02), built on Jan 29 2016 17:38:49 by "java_re" with MS VC++ 10.0 (VS2010)

time: Sun May 29 00:34:29 2016
elapsed time: 24 seconds (0d 0h 0m 24s)

